 make[1] tools/download
 make[2] -C tools/mpfr download
 make[2] -C tools/gmp download
 make[2] -C tools/mpc download
 make[2] -C tools/expat download
 make[2] -C tools/libelf download
 make[2] -C tools/m4 download
 make[2] -C tools/libtool download
 make[2] -C tools/autoconf download
 make[2] -C tools/autoconf-archive download
 make[2] -C tools/automake download
 make[2] -C tools/flex download
 make[2] -C tools/bison download
 make[2] -C tools/pkgconf download
 make[2] -C tools/mklibs download
 make[2] -C tools/zlib download
 make[2] -C tools/sstrip download
 make[2] -C tools/make-ext4fs download
 make[2] -C tools/e2fsprogs download
 make[2] -C tools/mtd-utils download
 make[2] -C tools/mkimage download
 make[2] -C tools/firmware-utils download
 make[2] -C tools/patch-image download
 make[2] -C tools/quilt download
 make[2] -C tools/padjffs2 download
 make[2] -C tools/mm-macros download
 make[2] -C tools/missing-macros download
 make[2] -C tools/cmake download
 make[2] -C tools/bc download
 make[2] -C tools/findutils download
 make[2] -C tools/gengetopt download
 make[2] -C tools/patchelf download
 make[2] -C tools/mtools download
 make[2] -C tools/dosfstools download
 make[2] -C tools/libressl download
 make[2] -C tools/ucl download
 make[2] -C tools/upx download
 make[2] -C tools/qemu download
 make[2] -C tools/lzma download
 make[2] -C tools/squashfskit4 download
 make[2] -C tools/zip download
 make[2] -C tools/zstd download
 make[2] -C tools/b43-tools download
 make[2] -C tools/tar download
 make[2] -C tools/xz download
 make[2] -C tools/patch download
 make[2] -C tools/flock download
 make[2] -C tools/sed download
 make[1] toolchain/download
 make[2] -C toolchain/kernel-headers download
 make[2] -C toolchain/gcc/initial download
 make[2] -C toolchain/binutils download
 make[2] -C toolchain/gdb download
 make[2] -C toolchain/musl download
 make[2] -C toolchain/gcc/final download
 make[2] -C toolchain/fortify-headers download
 make[2] -C toolchain/nasm download
 make[1] package/download
 make[2] -C package/base-files download
 make[2] -C package/boot/grub2 download
 make[2] -C package/devel/binutils download
 make[2] -C package/kernel/cryptodev-linux download
 make[2] -C package/firmware/wireless-regdb download
 make[2] -C package/firmware/linux-firmware download
 make[2] -C package/firmware/b43legacy-firmware download
 make[2] -C package/kernel/exfat download
 make[2] -C package/kernel/linux download
 make[2] -C package/kernel/mac80211 download
 make[2] -C package/lean/UnblockNeteaseMusic download
 make[2] -C package/lean/UnblockNeteaseMusicGo download
 make[2] -C package/boot/grub2 download
 make[2] -C package/lean/adbyby download
 make[2] -C package/lean/amule download
 make[2] -C package/lean/antileech download
 make[2] -C package/lean/autocore download
 make[2] -C package/lean/automount download
 make[2] -C package/lean/autosamba download
 make[2] -C package/lean/coremark download
 make[2] -C package/lean/ddns-scripts_aliyun download
 make[2] -C package/lean/ddns-scripts_dnspod download
 make[2] -C package/lean/default-settings download
 make[2] -C package/lean/fast-classifier download
 make[2] -C package/lean/luci-app-accesscontrol download
 make[2] -C package/lean/luci-app-adbyby-plus download
 make[2] -C package/lean/luci-app-arpbind download
 make[2] -C package/lean/luci-app-autoreboot download
 make[2] -C package/lean/luci-app-filetransfer download
 make[2] -C package/lean/luci-app-guest-wifi download
 make[2] -C package/lean/luci-app-haproxy-tcp download
 make[2] -C package/lean/luci-app-ipsec-vpnd download
 make[2] -C package/lean/luci-app-music-remote-center download
 make[2] -C package/lean/luci-app-n2n_v2 download
 make[2] -C package/lean/luci-app-nfs download
 make[2] -C package/lean/luci-app-qbittorrent download
 make[2] -C package/lean/luci-app-ramfree download
 make[2] -C package/lean/luci-app-rclone download
 make[2] -C package/lean/luci-app-samba4 download
 make[2] -C package/lean/luci-app-sfe download
 make[2] -C package/lean/luci-app-ttyd download
 make[2] -C package/lean/luci-app-unblockmusic download
 make[2] -C package/lean/luci-app-v2ray-server download
 make[2] -C package/lean/luci-app-vlmcsd download
 make[2] -C package/lean/luci-app-vsftpd download
 make[2] -C package/lean/luci-app-webadmin download
 make[2] -C package/lean/luci-app-xlnetacc download
 make[2] -C package/lean/luci-app-zerotier download
 make[2] -C package/lean/luci-lib-fs download
 make[2] -C package/lean/luci-proto-bonding download
 make[2] -C package/lean/luci-theme-netgear download
 make[2] -C package/lean/luci-theme-argon download
 make[2] -C package/lean/n2n_v2 download
 make[2] -C package/lean/openwrt-fullconenat download
 make[2] -C package/lean/pdnsd-alt download
 make[2] -C package/lean/qBittorrent download
 make[2] -C package/lean/qt5 download
 make[2] -C package/lean/r8125 download
 make[2] -C package/lean/r8168 download
 make[2] -C package/lean/rblibtorrent download
 make[2] -C package/lean/rclone download
 make[2] -C package/lean/rclone-ng download
 make[2] -C package/lean/rclone-webui-react download
 make[2] -C package/lean/samba4 download
 make[2] -C package/lean/shortcut-fe download
 make[2] -C package/lean/vlmcsd download
 make[2] -C package/lean/vsftpd-alt download
 make[2] -C package/lean/wget download
 make[2] -C package/lean/wol download
 make[2] -C package/lean/wxbase download
 make[2] -C package/libs/elfutils download
 make[2] -C package/libs/gmp download
 make[2] -C package/libs/libdouble-conversion download
 make[2] -C package/libs/libevent2 download
 make[2] -C package/libs/libjson-c download
 make[2] -C package/libs/libmnl download
 make[2] -C package/libs/libnl-tiny download
 make[2] -C package/libs/libtool download
 make[2] -C package/libs/libubox download
 make[2] -C package/libs/mbedtls download
 make[2] -C package/libs/ncurses download
 make[2] -C package/libs/nettle download
 make[2] -C package/libs/nghttp2 download
 make[2] -C package/libs/openssl download
 make[2] -C package/libs/pcre download
 make[2] -C package/libs/popt download
 make[2] -C package/libs/readline download
 make[2] -C package/libs/sysfsutils download
 make[2] -C package/libs/toolchain download
 make[2] -C package/libs/uclient download
 make[2] -C package/libs/ustream-ssl download
 make[2] -C package/libs/zlib download
 make[2] -C package/network/config/firewall download
 make[2] -C package/network/config/netifd download
 make[2] -C package/network/config/qos-scripts download
 make[2] -C package/network/services/dnsmasq download
 make[2] -C package/network/services/dropbear download
 make[2] -C package/network/services/hostapd download
 make[2] -C package/network/services/ppp download
 make[2] -C package/network/services/samba36 download
 make[2] -C package/network/services/shellsync download
 make[2] -C package/network/services/uhttpd download
 make[2] -C package/network/utils/curl download
 make[2] -C package/network/utils/ethtool download
 make[2] -C package/network/utils/iproute2 download
 make[2] -C package/network/utils/ipset download
 make[2] -C package/network/utils/iproute2 download
 make[2] -C package/network/utils/iptables download
 make[2] -C package/network/utils/iw download
 make[2] -C package/network/utils/resolveip download
 make[2] -C package/network/utils/iwinfo download
 make[2] -C package/system/ca-certificates download
 make[2] -C package/system/fstools download
 make[2] -C package/system/fwtool download
 make[2] -C package/system/mtd download
 make[2] -C package/system/openwrt-keyring download
 make[2] -C package/system/opkg download
 make[2] -C package/system/procd download
 make[2] -C package/system/rpcd download
 make[2] -C package/system/ubox download
 make[2] -C package/system/ubus download
 make[2] -C package/system/uci download
 make[2] -C package/system/urandom-seed download
 make[2] -C package/system/urngd download
 make[2] -C package/system/usign download
 make[2] -C package/utils/busybox download
 make[2] -C package/utils/bzip2 download
 make[2] -C package/utils/e2fsprogs download
 make[2] -C package/utils/f2fs-tools download
make package/download: build failed. Please re-run make with -j1 V=s or V=sc for a higher verbosity level to see what's going on
 make[1] target/download
 make[2] -C target/linux download
